c:\users\m_a_t\documents\github\mastersproject\gametech_2017\build\gametech_coursework\release\vc141.pdb
c:\users\m_a_t\documents\github\mastersproject\gametech_2017\build\gametech_coursework\release\testscene.obj
c:\users\m_a_t\documents\github\mastersproject\gametech_2017\build\gametech_coursework\release\testing.obj
c:\users\m_a_t\documents\github\mastersproject\gametech_2017\build\gametech_coursework\release\solarscene.obj
c:\users\m_a_t\documents\github\mastersproject\gametech_2017\build\gametech_coursework\release\simplennscene.obj
c:\users\m_a_t\documents\github\mastersproject\gametech_2017\build\gametech_coursework\release\planetscene.obj
c:\users\m_a_t\documents\github\mastersproject\gametech_2017\build\gametech_coursework\release\nuralscene.obj
c:\users\m_a_t\documents\github\mastersproject\gametech_2017\build\gametech_coursework\release\neuron.obj
c:\users\m_a_t\documents\github\mastersproject\gametech_2017\build\gametech_coursework\release\neuralnet.obj
c:\users\m_a_t\documents\github\mastersproject\gametech_2017\build\gametech_coursework\release\main.obj
c:\users\m_a_t\documents\github\mastersproject\gametech_2017\build\gametech_coursework\release\astar.obj
c:\users\m_a_t\documents\github\mastersproject\gametech_2017\build\gametech_coursework\release\ann.obj
c:\users\m_a_t\documents\github\mastersproject\gametech_2017\build\release\gametech_coursework.ipdb
c:\users\m_a_t\documents\github\mastersproject\gametech_2017\build\release\gametech_coursework.iobj
c:\users\m_a_t\documents\github\mastersproject\gametech_2017\build\release\gametech_coursework.exe
c:\users\m_a_t\documents\github\mastersproject\gametech_2017\build\release\gametech_coursework.pdb
c:\users\m_a_t\documents\github\mastersproject\gametech_2017\build\gametech_coursework\release\hiddenneuron.obj
c:\users\m_a_t\documents\github\mastersproject\gametech_2017\build\gametech_coursework\release\inputneuron.obj
c:\users\m_a_t\documents\github\mastersproject\gametech_2017\build\gametech_coursework\release\outputneuron.obj
c:\users\m_a_t\documents\github\mastersproject\gametech_2017\build\gametech_coursework\release\gametech.4da161d0.tlog\cl.command.1.tlog
c:\users\m_a_t\documents\github\mastersproject\gametech_2017\build\gametech_coursework\release\gametech.4da161d0.tlog\cl.read.1.tlog
c:\users\m_a_t\documents\github\mastersproject\gametech_2017\build\gametech_coursework\release\gametech.4da161d0.tlog\cl.write.1.tlog
c:\users\m_a_t\documents\github\mastersproject\gametech_2017\build\gametech_coursework\release\gametech.4da161d0.tlog\gametech_coursework.write.1u.tlog
c:\users\m_a_t\documents\github\mastersproject\gametech_2017\build\gametech_coursework\release\gametech.4da161d0.tlog\link.command.1.tlog
c:\users\m_a_t\documents\github\mastersproject\gametech_2017\build\gametech_coursework\release\gametech.4da161d0.tlog\link.read.1.tlog
c:\users\m_a_t\documents\github\mastersproject\gametech_2017\build\gametech_coursework\release\gametech.4da161d0.tlog\link.write.1.tlog
