c:\users\m_a_t\documents\github\mastersproject\gametech_2017\build\ncltech\release\ncltech.pdb
c:\users\m_a_t\documents\github\mastersproject\gametech_2017\build\ncltech\release\spherecollisionshape.obj
c:\users\m_a_t\documents\github\mastersproject\gametech_2017\build\ncltech\release\objectmesh.obj
c:\users\m_a_t\documents\github\mastersproject\gametech_2017\build\ncltech\release\screenpicker.obj
c:\users\m_a_t\documents\github\mastersproject\gametech_2017\build\ncltech\release\scene.obj
c:\users\m_a_t\documents\github\mastersproject\gametech_2017\build\ncltech\release\scenerenderer.obj
c:\users\m_a_t\documents\github\mastersproject\gametech_2017\build\ncltech\release\scenemanager.obj
c:\users\m_a_t\documents\github\mastersproject\gametech_2017\build\ncltech\release\renderlist.obj
c:\users\m_a_t\documents\github\mastersproject\gametech_2017\build\ncltech\release\physicsobject.obj
c:\users\m_a_t\documents\github\mastersproject\gametech_2017\build\ncltech\release\physicsengine.obj
c:\users\m_a_t\documents\github\mastersproject\gametech_2017\build\ncltech\release\manifold.obj
c:\users\m_a_t\documents\github\mastersproject\gametech_2017\build\ncltech\release\hull.obj
c:\users\m_a_t\documents\github\mastersproject\gametech_2017\build\ncltech\release\object.obj
c:\users\m_a_t\documents\github\mastersproject\gametech_2017\build\ncltech\release\ncldebug.obj
c:\users\m_a_t\documents\github\mastersproject\gametech_2017\build\ncltech\release\objectmeshdragable.obj
c:\users\m_a_t\documents\github\mastersproject\gametech_2017\build\ncltech\release\networkbase.obj
c:\users\m_a_t\documents\github\mastersproject\gametech_2017\build\ncltech\release\cuboidcollisionshape.obj
c:\users\m_a_t\documents\github\mastersproject\gametech_2017\build\ncltech\release\commonutils.obj
c:\users\m_a_t\documents\github\mastersproject\gametech_2017\build\ncltech\release\commonmeshes.obj
c:\users\m_a_t\documents\github\mastersproject\gametech_2017\build\ncltech\release\collisiondetectionsat.obj
c:\users\m_a_t\documents\github\mastersproject\gametech_2017\build\release\ncltech.lib
c:\users\m_a_t\documents\github\mastersproject\gametech_2017\build\ncltech\release\ncltech.tlog\cl.command.1.tlog
c:\users\m_a_t\documents\github\mastersproject\gametech_2017\build\ncltech\release\ncltech.tlog\cl.read.1.tlog
c:\users\m_a_t\documents\github\mastersproject\gametech_2017\build\ncltech\release\ncltech.tlog\cl.write.1.tlog
c:\users\m_a_t\documents\github\mastersproject\gametech_2017\build\ncltech\release\ncltech.tlog\lib-link.read.1.tlog
c:\users\m_a_t\documents\github\mastersproject\gametech_2017\build\ncltech\release\ncltech.tlog\lib-link.write.1.tlog
c:\users\m_a_t\documents\github\mastersproject\gametech_2017\build\ncltech\release\ncltech.tlog\lib.command.1.tlog
